alacritty
aria2
aspell
aspell-en
autoconf
automake
binutils
bison
ccache
chezmoi
cmake
emacs
fakeroot
fd
firefox
flex
fzf
gawk
gcc
gettext
git
git-lfs
gnuplot
go
gocryptfs
graphviz
grep
groff
gzip
inetutils
iputils
jdk11-openjdk
jq
keychain
ledger
libtool
lsb-release
lsd
m4
make
man-db
manjaro-release
nano
neovim
openjdk11-doc
openjdk11-src
openssh
pacman
pacui
parallel
patch
pkgconf
podman
procps-ng
python-pip
python-pipx
ripgrep
scrot
sed
shellcheck
stack
sudo
systemd
texinfo
texlive-core
texlive-fontsextra
texlive-formatsextra
texlive-humanities
texlive-latexextra
texlive-music
texlive-pictures
texlive-pstricks
texlive-publishers
texlive-science
ttc-iosevka
ttf-dejavu
wget
which
yay
zsh
